<?xml version="1.0" encoding="UTF-8"?>
<testng-results skipped="0" failed="0" ignored="0" total="1" passed="1">
  <reporter-output>
  </reporter-output>
  <suite name="Default suite" duration-ms="3701" started-at="2019-03-29T20:04:14Z" finished-at="2019-03-29T20:04:17Z">
    <groups>
    </groups>
    <test name="Default test" duration-ms="3701" started-at="2019-03-29T20:04:14Z" finished-at="2019-03-29T20:04:17Z">
      <class name="com.home.work.DragAndDropConcept">
        <test-method status="PASS" signature="dragAndDrop()[pri:0, instance:com.home.work.DragAndDropConcept@91161c7]" name="dragAndDrop" duration-ms="3674" started-at="2019-03-29T20:04:14Z" finished-at="2019-03-29T20:04:17Z">
          <reporter-output>
          </reporter-output>
        </test-method> <!-- dragAndDrop -->
      </class> <!-- com.home.work.DragAndDropConcept -->
    </test> <!-- Default test -->
  </suite> <!-- Default suite -->
</testng-results>
